========================================================================= 
Log Path: ../example_output/log/exp_species.prep_genes.log 
Program Path: /Users/miriamgoldman/Projects/micro.glmm/src/prep_genes_command_line.R 
Working Directory: /Users/miriamgoldman/Projects/micro.glmm/src 
User Name: miriamgoldman 
R Version: 4.2.3 (2023-03-15) 
Machine: Miriam x86_64 
Operating System: Darwin 20.6.0 Darwin Kernel Version 20.6.0: Thu Jul 6 22:12:47 PDT 2023; root:xnu-7195.141.49.702.12~1/RELEASE_X86_64 
Base Packages: stats graphics grDevices utils datasets methods base Other Packages: micro.glmm_0.0.1.0 logr_1.3.4 optparse_1.7.3 
Log Start Time: 2023-11-27 11:23:38 
========================================================================= 

running validate genes command is 

Rscript prep_genes_command_line.R --species_id exp_species -v TRUE -o ../example_output -c ../example_data/exp_species.genes_copynum.tsv -d ../example_data/exp_species.genes_depth.tsv -m 5 -n 5 --GRM ../example_output/exp_species.GRM.tsv --write_csv TRUE --log_scale TRUE --mean_center TRUE 

species id for out files is: exp_species 

gene files read in 

genes summary file doesnt exist 

not using metadata 

using GRM to filter sample list from GRM will be used 

optional files read in 

for Species ID exp_species 

filtering with samples per copynumber 5 

depth at 5 

GRM used: TRUE 

pangenome used: FALSE 

metadata used: FALSE 

genes summary used: FALSE 

metadata used: FALSE 

log scale: TRUE 

mean center: TRUE 

starting with: 34 samples and genes: 999 

number of samples after GRM filter: 33 

Gene-level first filter: average gene depth >= 5 

Filter out gene is present in less than 5 samples (for modeling purpose) 

gene filtering complete 

for Species ID exp_species 

filtering with samples per copynumber 5 

depth at 5 

GRM used: TRUE 

pangenome used: FALSE 

metadata used: FALSE 

genes summary used: FALSE 

metadata used: FALSE 

starting with: 999 genes and samples: 34 

log scale: TRUE 

mean center: TRUE 

ending with: 33 samples 

and with: 999 genes 

========================================================================= 
Log End Time: 2023-11-27 11:23:38 
Log Elapsed Time: 0 00:00:00 
========================================================================= 
