========================================================================= 
Log Path: ../102478_output/log/102478.prep_genes.log 
Program Path: /Users/miriamgoldman/Projects/micro-glmm/src/prep_genes_command_line.R 
Working Directory: /Users/miriamgoldman/Projects/micro-glmm/src 
User Name: miriamgoldman 
R Version: 4.2.3 (2023-03-15) 
Machine: Miriam x86_64 
Operating System: Darwin 20.6.0 Darwin Kernel Version 20.6.0: Tue Jun 21 20:50:28 PDT 2022; root:xnu-7195.141.32~1/RELEASE_X86_64 
Base Packages: stats graphics grDevices utils datasets methods base Other Packages: magrittr_2.0.3 data.table_1.14.8 forcats_1.0.0 stringr_1.5.0 dplyr_1.1.3 purrr_1.0.2 readr_2.1.4 tidyr_1.3.0 tibble_3.2.1 ggplot2_3.4.3 tidyverse_1.3.2 logr_1.3.3 optparse_1.7.3 
Log Start Time: 2023-10-16 13:43:31 
========================================================================= 

running validate genes command is 

Rscript prep_genes_command_line.R --species_id 102478 -v TRUE -o ../102478_output -c /Users/miriamgoldman/Projects/IBD_folder/midas2_data/merge/genes/102478/102478.genes_copynum.tsv -d /Users/miriamgoldman/Projects/IBD_folder/midas2_data/merge/genes/102478/102478.genes_depth.tsv -m 3 -n 5 --GRM ../102478_output/102478.GRM.tsv --write_csv TRUE --genes_summary /Users/miriamgoldman/Projects/IBD_folder/midas2_data/merge/genes/genes_summary.tsv --metadata /Users/miriamgoldman/Projects/micro-glmm/example_data/IBD_metadata.tsv --min_num_control 7 --min_num_case 5 

species id for out files is: 102478 

gene files read in 

reading in genes summary 

using metadata to filter, filtering controls at 7 per gene 

using GRM to filter sample list from GRM will be used 

optional files read in 

for Species ID 102478 

filtering with samples per copynumber 5 

depth at 3 

GRM used: TRUE 

pangenome used: FALSE 

metadata used: TRUE 

genes summary used: TRUE 

metadata used: TRUE 

starting with: 183 samples and genes: 287180 

number of samples after GRM filter: 140 

number of samples after genes summary filter: 130 

Gene-level first filter: average gene depth >= 3 

Filter out gene is present in less than 5 samples (for modeling purpose) 

number of genes length after metadata filter: 9552 

gene filtering complete 

for Species ID 102478 

filtering with samples per copynumber 5 

depth at 3 

GRM used: TRUE 

pangenome used: FALSE 

metadata used: TRUE 

genes summary used: TRUE 

metadata used: TRUE 

starting with: 287180 genes and samples: 183 

ending with: 130 samples 

and with: 9552 genes 

========================================================================= 
Log End Time: 2023-10-16 13:45:32 
Log Elapsed Time: 0 00:02:01 
========================================================================= 
