========================================================================= 
Log Path: ../102478_output/log/102478.prep_snps.log 
Program Path: /Users/miriamgoldman/Projects/micro-glmm/src/prep_snps_command_line.R 
Working Directory: /Users/miriamgoldman/Projects/micro-glmm/src 
User Name: miriamgoldman 
R Version: 4.2.3 (2023-03-15) 
Machine: Miriam x86_64 
Operating System: Darwin 20.6.0 Darwin Kernel Version 20.6.0: Tue Jun 21 20:50:28 PDT 2022; root:xnu-7195.141.32~1/RELEASE_X86_64 
Base Packages: stats graphics grDevices utils datasets methods base Other Packages: ape_5.7-1 parallelDist_0.2.6 pheatmap_1.0.12 RcppXPtrUtils_0.1.2 logr_1.3.3 ggExtra_0.10.1 pander_0.6.5 magrittr_2.0.3 data.table_1.14.8 forcats_1.0.0 stringr_1.5.0 dplyr_1.1.3 purrr_1.0.2 readr_2.1.4 tidyr_1.3.0 tibble_3.2.1 ggplot2_3.4.3 tidyverse_1.3.2 optparse_1.7.3 
Log Start Time: 2023-10-16 13:38:48 
========================================================================= 

running validate genes command is 

Rscript prep_snps_command_line.R --species_id 102478 -v TRUE -o ../102478_output -i /Users/miriamgoldman/Projects/IBD_folder/midas2_data/merge/snps/102478/102478.snps_info.tsv -f /Users/miriamgoldman/Projects/IBD_folder/midas2_data/merge/snps/102478/102478.snps_freqs.tsv -d /Users/miriamgoldman/Projects/IBD_folder/midas2_data/merge/snps/102478/102478.snps_depth.tsv -a 3 -m 3 -n 5 

species id for out files is: 102478 

not running pangenome 

using snps in coding region 

optional files read in 

for Species ID 102478 

filtering with samples per sites 5 

abulose depth at 3 

sample median depth filter 3 

pangenome used: FALSE 

starting with: 157 samples and snps: 121682 

NULL

number of samples 157 

number of samples after filter 157 

number of samples passing filter plot 

sample depth historgram 

# A tibble: 6 × 108,660
  sample_name `gnl|Prokka|UHGG143505_1|52|T` `gnl|Prokka|UHGG143505_1|59|A`
  <chr>                                <dbl>                          <dbl>
1 SRR6468499                               0                              0
2 SRR6468500                              NA                             NA
3 SRR6468503                              NA                             NA
4 SRR6468504                              NA                             NA
5 SRR6468505                               0                              0
6 SRR6468506                               0                              0
# ℹ 108,657 more variables: `gnl|Prokka|UHGG143505_1|79|T` <dbl>,
#   `gnl|Prokka|UHGG143505_1|179|T` <dbl>,
#   `gnl|Prokka|UHGG143505_1|196|G` <dbl>,
#   `gnl|Prokka|UHGG143505_1|203|C` <dbl>,
#   `gnl|Prokka|UHGG143505_1|235|G` <dbl>,
#   `gnl|Prokka|UHGG143505_1|244|G` <dbl>,
#   `gnl|Prokka|UHGG143505_1|271|A` <dbl>, …

for Species ID 102478 

filtering with samples per sites 5 

abulose depth at 3 

sample median depth filter 3 

pangenome used: FALSE 

starting with: 157 samples and snps: 121682 

ending with: 157 samples and snps: 108659 

========================================================================= 
Log End Time: 2023-10-16 13:39:57 
Log Elapsed Time: 0 00:01:08 
========================================================================= 
