Building DAG of jobs...
Using shell: /usr/bin/bash
Provided cores: 1 (use --cores to define parallelism)
Rules claiming more threads will be scaled down.
Job stats:
job                  count
-----------------  -------
parse_genes_input        1
prep_snps                1
total                    2

Select jobs to execute...

[Tue Oct 17 18:02:24 2023]
rule parse_genes_input:
    input: /pollard/data/midas2-db/midas2db-uhgg-v1.5/pangenomes/102478/genes.len, /pollard/data/midas2-db/midas2db-uhgg-v1.5/pangenomes/102478/gene_info.txt
    output: /pollard/data/projects/mwas-projects/output/gene_labels/102478.centroid_75.centroid_to_repgenes.tsv, /pollard/data/projects/mwas-projects/output/gene_labels/102478.centroid_75.centroid_prevalence.tsv
    jobid: 1
    reason: Missing output files: /pollard/data/projects/mwas-projects/output/gene_labels/102478.centroid_75.centroid_prevalence.tsv, /pollard/data/projects/mwas-projects/output/gene_labels/102478.centroid_75.centroid_to_repgenes.tsv
    resources: tmpdir=/tmp

[Tue Oct 17 18:02:24 2023]
Error in rule parse_genes_input:
    jobid: 1
    input: /pollard/data/midas2-db/midas2db-uhgg-v1.5/pangenomes/102478/genes.len, /pollard/data/midas2-db/midas2db-uhgg-v1.5/pangenomes/102478/gene_info.txt
    output: /pollard/data/projects/mwas-projects/output/gene_labels/102478.centroid_75.centroid_to_repgenes.tsv, /pollard/data/projects/mwas-projects/output/gene_labels/102478.centroid_75.centroid_prevalence.tsv
    shell:
        
        cd python         python parse_gene.py --species_id 102478 --pandb_dir pandb_dir --genome_info_file pandb_dir +"/genomes.tsv" --out_dir output_fp+"/gene_labels" --by_col centriod_cutoff
        
        (one of the commands exited with non-zero exit code; note that snakemake uses bash strict mode!)

Shutting down, this might take some time.
Exiting because a job execution failed. Look above for error message
Complete log: .snakemake/log/2023-10-17T180223.291616.snakemake.log
